0 info it worked if it ends with ok
1 verbose cli [ 'D:\\javascript\\nodejs\\node.exe',
1 verbose cli   'D:\\javascript\\nodejs\\node_global\\node_modules\\npm\\bin\\npm-cli.js',
1 verbose cli   'start' ]
2 info using npm@4.0.3
3 info using node@v4.4.0
4 verbose run-script [ 'prestart', 'start', 'poststart' ]
5 info lifecycle bae-nodejs@1.0.0~prestart: bae-nodejs@1.0.0
6 silly lifecycle bae-nodejs@1.0.0~prestart: no script for prestart, continuing
7 info lifecycle bae-nodejs@1.0.0~start: bae-nodejs@1.0.0
8 verbose lifecycle bae-nodejs@1.0.0~start: unsafe-perm in lifecycle true
9 verbose lifecycle bae-nodejs@1.0.0~start: PATH: D:\javascript\nodejs\node_global\node_modules\npm\bin\node-gyp-bin;D:\html\test\baetest\appid8difc5m5my\node_modules\.bin;C:\Program Files (x86)\Git\cmd\;C:\Program Files\TortoiseGit\bin;C:\Program Files (x86)\Git\bin;D:\html\ngrok\windows_amd64\Sunny-Ngrok-Windowsamd64;C:\Program Files (x86)\Git\cmd;C:\Program Files (x86)\Git\bin;D:\javascript\nodejs\node_global;D:\javascript\nodejs\node_global\node_modules;D:\mongodb\bin;D:\java\Marven\apache-maven-3.2.5\bin;C:\Python27\Lib\site-packages\django\bin;C:\Program Files (x86)\Intel\iCLS Client\;C:\Program Files\Intel\iCLS Client\;C:\Windows\system32;C:\Windows;C:\Windows\System32\Wbem;C:\Windows\System32\WindowsPowerShell\v1.0\;C:\Program Files\Intel\WiFi\bin\;C:\Program Files\Common Files\Intel\WirelessCommon\;C:\Program Files\Lenovo\Fingerprint Manager Pro\;C:\Program Files\Intel\Intel(R) Management Engine Components\DAL;C:\Program Files (x86)\Intel\Intel(R) Management Engine Components\DAL;C:\Program Files\Intel\Intel(R) Management Engine Components\IPT;C:\Program Files (x86)\Intel\Intel(R) Management Engine Components\IPT;C:\Program Files (x86)\Intel\OpenCL SDK\2.0\bin\x86;C:\Program Files (x86)\Intel\OpenCL SDK\2.0\bin\x64;C:\Python27;C:\Program Files\Apache Software Foundation\Tomcat6.0;C:\Program Files\MySQL\MySQL Server 5.5\bin;D:\javascript\nodejs\;C:\Program Files (x86)\Bitvise SSH Client;C:\Program Files\TortoiseGit\bin;C:\Users\Shan\AppData\Roaming\搜狐影音\5.0.3.8
10 verbose lifecycle bae-nodejs@1.0.0~start: CWD: D:\html\test\baetest\appid8difc5m5my
11 silly lifecycle bae-nodejs@1.0.0~start: Args: [ '/d /s /c', 'node app.js' ]
12 verbose stack Error: kill ENOSYS
12 verbose stack     at exports._errnoException (util.js:870:11)
12 verbose stack     at process.kill (node.js:777:15)
12 verbose stack     at process.listener (D:\javascript\nodejs\node_global\node_modules\npm\node_modules\npmlog\node_modules\gauge\node_modules\signal-exit\index.js:86:15)
12 verbose stack     at emitNone (events.js:72:20)
12 verbose stack     at process.emit (events.js:166:7)
12 verbose stack     at processEmit (D:\javascript\nodejs\node_global\node_modules\npm\node_modules\npmlog\node_modules\gauge\node_modules\signal-exit\index.js:146:32)
12 verbose stack     at processEmit (D:\javascript\nodejs\node_global\node_modules\npm\node_modules\npm-registry-client\node_modules\npmlog\node_modules\gauge\node_modules\signal-exit\index.js:146:32)
12 verbose stack     at Signal.wrap.onsignal (node.js:804:46)
13 verbose cwd D:\html\test\baetest\appid8difc5m5my
14 error Windows_NT 6.1.7601
15 error argv "D:\\javascript\\nodejs\\node.exe" "D:\\javascript\\nodejs\\node_global\\node_modules\\npm\\bin\\npm-cli.js" "start"
16 error node v4.4.0
17 error npm  v4.0.3
18 error code ENOSYS
19 error errno ENOSYS
20 error syscall kill
21 error kill ENOSYS
22 error If you need help, you may report this error at:
22 error     <https://github.com/npm/npm/issues>
23 verbose exit [ 1, true ]
